2022:07:17:16:15:39   [DEBUG]    Testing of log line for EPAM : 2
2022:07:17:16:15:39   [X ERROR]    Testing of log line for EPAM : 2
2022:07:17:16:15:39   [INFO]    Testing of log line for EPAM : 2
2022:07:17:16:15:39   [DEBUG]    Testing of log line for EPAM : 3
2022:07:17:16:15:39   [X ERROR]    Testing of log line for EPAM : 3
2022:07:17:16:15:39   [INFO]    Testing of log line for EPAM : 3
2022:07:17:16:15:39   [!WARNING]    Testing of log line for EPAM : 2
2022:07:17:16:15:39   [DEBUG]    Testing of log line for EPAM : 4
2022:07:17:16:15:39   [!WARNING]    Testing of log line for EPAM : 3
2022:07:17:16:15:39   [TRACE]    Testing of log line for EPAM : 2
2022:07:17:16:15:39   [DEBUG]    Testing of log line for EPAM : 5
2022:07:17:16:15:39   [X ERROR]    Testing of log line for EPAM : 4
2022:07:17:16:15:39   [TRACE]    Testing of log line for EPAM : 3
2022:07:17:16:15:39   [DEBUG]    Testing of log line for EPAM : 2
2022:07:17:16:15:39   [DEBUG]    Testing of log line for EPAM : 7
2022:07:17:16:15:39   [DEBUG]    Testing of log line for EPAM : 6
2022:07:17:16:15:39   [DEBUG]    Testing of log line for EPAM : 8
2022:07:17:16:15:39   [X ERROR]    Testing of log line for EPAM : 5
2022:07:17:16:15:39   [INFO]    Testing of log line for EPAM : 4
2022:07:17:16:15:39   [DEBUG]    Testing of log line for EPAM : 9
2022:07:17:16:15:39   [DEBUG]    Testing of log line for EPAM : 3
2022:07:17:16:15:39   [X ERROR]    Testing of log line for EPAM : 2
2022:07:17:16:15:39   [DEBUG]    Testing of log line for EPAM : 10
2022:07:17:16:15:39   [X ERROR]    Testing of log line for EPAM : 7
2022:07:17:16:15:39   [DEBUG]    Testing of log line for EPAM : 11
2022:07:17:16:15:39   [X ERROR]    Testing of log line for EPAM : 6
2022:07:17:16:15:39   [X ERROR]    Testing of log line for EPAM : 8
2022:07:17:16:15:39   [INFO]    Testing of log line for EPAM : 5
2022:07:17:16:15:39   [!WARNING]    Testing of log line for EPAM : 4
2022:07:17:16:15:39   [X ERROR]    Testing of log line for EPAM : 9
2022:07:17:16:15:39   [X ERROR]    Testing of log line for EPAM : 3
2022:07:17:16:15:39   [INFO]    Testing of log line for EPAM : 2
2022:07:17:16:15:39   [X ERROR]    Testing of log line for EPAM : 10
2022:07:17:16:15:39   [INFO]    Testing of log line for EPAM : 7
2022:07:17:16:15:39   [X ERROR]    Testing of log line for EPAM : 11
2022:07:17:16:15:39   [INFO]    Testing of log line for EPAM : 6
2022:07:17:16:15:39   [INFO]    Testing of log line for EPAM : 8
2022:07:17:16:15:39   [!WARNING]    Testing of log line for EPAM : 5
2022:07:17:16:15:39   [TRACE]    Testing of log line for EPAM : 4
2022:07:17:16:15:39   [INFO]    Testing of log line for EPAM : 9
2022:07:17:16:15:39   [INFO]    Testing of log line for EPAM : 3
2022:07:17:16:15:39   [!WARNING]    Testing of log line for EPAM : 2
2022:07:17:16:15:39   [INFO]    Testing of log line for EPAM : 10
2022:07:17:16:15:39   [!WARNING]    Testing of log line for EPAM : 7
2022:07:17:16:15:39   [INFO]    Testing of log line for EPAM : 11
2022:07:17:16:15:39   [!WARNING]    Testing of log line for EPAM : 6
2022:07:17:16:15:39   [!WARNING]    Testing of log line for EPAM : 8
2022:07:17:16:15:39   [TRACE]    Testing of log line for EPAM : 5
2022:07:17:16:15:39   [DEBUG]    Testing of log line for EPAM : 4
2022:07:17:16:15:39   [!WARNING]    Testing of log line for EPAM : 9
2022:07:17:16:15:39   [!WARNING]    Testing of log line for EPAM : 3
2022:07:17:16:15:39   [TRACE]    Testing of log line for EPAM : 2
2022:07:17:16:15:39   [!WARNING]    Testing of log line for EPAM : 10
2022:07:17:16:15:39   [TRACE]    Testing of log line for EPAM : 7
2022:07:17:16:15:39   [!WARNING]    Testing of log line for EPAM : 11
2022:07:17:16:15:39   [TRACE]    Testing of log line for EPAM : 6
2022:07:17:16:15:39   [TRACE]    Testing of log line for EPAM : 8
2022:07:17:16:15:39   [DEBUG]    Testing of log line for EPAM : 5
2022:07:17:16:15:39   [X ERROR]    Testing of log line for EPAM : 4
2022:07:17:16:15:39   [TRACE]    Testing of log line for EPAM : 9
2022:07:17:16:15:39   [TRACE]    Testing of log line for EPAM : 3
2022:07:17:16:15:39   [DEBUG]    Testing of log line for EPAM : 2
2022:07:17:16:15:39   [TRACE]    Testing of log line for EPAM : 10
2022:07:17:16:15:39   [DEBUG]    Testing of log line for EPAM : 7
2022:07:17:16:15:39   [TRACE]    Testing of log line for EPAM : 11
2022:07:17:16:15:39   [DEBUG]    Testing of log line for EPAM : 6
2022:07:17:16:15:39   [DEBUG]    Testing of log line for EPAM : 8
2022:07:17:16:15:39   [X ERROR]    Testing of log line for EPAM : 5
2022:07:17:16:15:39   [INFO]    Testing of log line for EPAM : 4
2022:07:17:16:15:39   [DEBUG]    Testing of log line for EPAM : 9
2022:07:17:16:15:39   [DEBUG]    Testing of log line for EPAM : 3
2022:07:17:16:15:39   [X ERROR]    Testing of log line for EPAM : 2
2022:07:17:16:15:39   [DEBUG]    Testing of log line for EPAM : 10
2022:07:17:16:15:39   [X ERROR]    Testing of log line for EPAM : 7
2022:07:17:16:15:39   [DEBUG]    Testing of log line for EPAM : 11
2022:07:17:16:15:39   [X ERROR]    Testing of log line for EPAM : 6
2022:07:17:16:15:39   [X ERROR]    Testing of log line for EPAM : 8
2022:07:17:16:15:39   [INFO]    Testing of log line for EPAM : 5
2022:07:17:16:15:39   [!WARNING]    Testing of log line for EPAM : 4
2022:07:17:16:15:39   [X ERROR]    Testing of log line for EPAM : 9
2022:07:17:16:15:39   [X ERROR]    Testing of log line for EPAM : 3
2022:07:17:16:15:39   [INFO]    Testing of log line for EPAM : 2
2022:07:17:16:15:39   [X ERROR]    Testing of log line for EPAM : 10
2022:07:17:16:15:39   [INFO]    Testing of log line for EPAM : 7
2022:07:17:16:15:39   [X ERROR]    Testing of log line for EPAM : 11
2022:07:17:16:15:39   [INFO]    Testing of log line for EPAM : 6
2022:07:17:16:15:39   [INFO]    Testing of log line for EPAM : 8
2022:07:17:16:15:39   [!WARNING]    Testing of log line for EPAM : 5
2022:07:17:16:15:39   [TRACE]    Testing of log line for EPAM : 4
2022:07:17:16:15:39   [INFO]    Testing of log line for EPAM : 9
2022:07:17:16:15:39   [INFO]    Testing of log line for EPAM : 3
2022:07:17:16:15:39   [!WARNING]    Testing of log line for EPAM : 2
2022:07:17:16:15:39   [INFO]    Testing of log line for EPAM : 10
2022:07:17:16:15:39   [!WARNING]    Testing of log line for EPAM : 7
2022:07:17:16:15:39   [INFO]    Testing of log line for EPAM : 11
2022:07:17:16:15:39   [!WARNING]    Testing of log line for EPAM : 6
2022:07:17:16:15:39   [!WARNING]    Testing of log line for EPAM : 8
2022:07:17:16:15:39   [TRACE]    Testing of log line for EPAM : 5
2022:07:17:16:15:39   [DEBUG]    Testing of log line for EPAM : 4
2022:07:17:16:15:39   [!WARNING]    Testing of log line for EPAM : 9
2022:07:17:16:15:39   [!WARNING]    Testing of log line for EPAM : 3
2022:07:17:16:15:39   [TRACE]    Testing of log line for EPAM : 2
2022:07:17:16:15:39   [!WARNING]    Testing of log line for EPAM : 10
2022:07:17:16:15:39   [TRACE]    Testing of log line for EPAM : 7
2022:07:17:16:15:39   [!WARNING]    Testing of log line for EPAM : 11
2022:07:17:16:15:39   [TRACE]    Testing of log line for EPAM : 6
2022:07:17:16:15:39   [TRACE]    Testing of log line for EPAM : 8
2022:07:17:16:15:39   [DEBUG]    Testing of log line for EPAM : 5
2022:07:17:16:15:39   [X ERROR]    Testing of log line for EPAM : 4
2022:07:17:16:15:39   [TRACE]    Testing of log line for EPAM : 9
2022:07:17:16:15:39   [TRACE]    Testing of log line for EPAM : 3
2022:07:17:16:15:39   [TRACE]    Testing of log line for EPAM : 10
2022:07:17:16:15:39   [DEBUG]    Testing of log line for EPAM : 7
2022:07:17:16:15:39   [TRACE]    Testing of log line for EPAM : 11
2022:07:17:16:15:39   [DEBUG]    Testing of log line for EPAM : 6
2022:07:17:16:15:39   [DEBUG]    Testing of log line for EPAM : 8
2022:07:17:16:15:39   [X ERROR]    Testing of log line for EPAM : 5
2022:07:17:16:15:39   [INFO]    Testing of log line for EPAM : 4
2022:07:17:16:15:39   [DEBUG]    Testing of log line for EPAM : 9
2022:07:17:16:15:39   [DEBUG]    Testing of log line for EPAM : 10
2022:07:17:16:15:39   [X ERROR]    Testing of log line for EPAM : 7
2022:07:17:16:15:39   [DEBUG]    Testing of log line for EPAM : 11
2022:07:17:16:15:39   [X ERROR]    Testing of log line for EPAM : 6
2022:07:17:16:15:39   [X ERROR]    Testing of log line for EPAM : 8
2022:07:17:16:15:39   [INFO]    Testing of log line for EPAM : 5
2022:07:17:16:15:39   [!WARNING]    Testing of log line for EPAM : 4
2022:07:17:16:15:39   [X ERROR]    Testing of log line for EPAM : 9
2022:07:17:16:15:39   [X ERROR]    Testing of log line for EPAM : 10
2022:07:17:16:15:39   [INFO]    Testing of log line for EPAM : 7
2022:07:17:16:15:39   [X ERROR]    Testing of log line for EPAM : 11
2022:07:17:16:15:39   [INFO]    Testing of log line for EPAM : 6
2022:07:17:16:15:39   [INFO]    Testing of log line for EPAM : 8
2022:07:17:16:15:39   [!WARNING]    Testing of log line for EPAM : 5
2022:07:17:16:15:39   [TRACE]    Testing of log line for EPAM : 4
2022:07:17:16:15:39   [INFO]    Testing of log line for EPAM : 9
2022:07:17:16:15:39   [INFO]    Testing of log line for EPAM : 10
2022:07:17:16:15:39   [!WARNING]    Testing of log line for EPAM : 7
2022:07:17:16:15:39   [INFO]    Testing of log line for EPAM : 11
2022:07:17:16:15:39   [!WARNING]    Testing of log line for EPAM : 6
2022:07:17:16:15:39   [!WARNING]    Testing of log line for EPAM : 8
2022:07:17:16:15:39   [TRACE]    Testing of log line for EPAM : 5
2022:07:17:16:15:39   [!WARNING]    Testing of log line for EPAM : 9
2022:07:17:16:15:39   [!WARNING]    Testing of log line for EPAM : 10
2022:07:17:16:15:39   [TRACE]    Testing of log line for EPAM : 7
2022:07:17:16:15:39   [!WARNING]    Testing of log line for EPAM : 11
2022:07:17:16:15:39   [TRACE]    Testing of log line for EPAM : 6
2022:07:17:16:15:39   [TRACE]    Testing of log line for EPAM : 8
2022:07:17:16:15:39   [TRACE]    Testing of log line for EPAM : 9
2022:07:17:16:15:39   [TRACE]    Testing of log line for EPAM : 10
2022:07:17:16:15:39   [TRACE]    Testing of log line for EPAM : 11
